[2026-03-28T12:26:41.298Z] Error: Cannot find module '@hey-api/openapi-ts'
Require stack:
- /workspace/openapi-generator/openapi-ts.config.ts
Stack:
Error: Cannot find module '@hey-api/openapi-ts'
Require stack:
- /workspace/openapi-generator/openapi-ts.config.ts
    at Module._resolveFilename (node:internal/modules/cjs/loader:1207:15)
    at Function.resolve (node:internal/modules/helpers:193:19)
    at jitiResolve (/usr/local/lib/node_modules/@hey-api/openapi-ts/node_modules/jiti/dist/jiti.cjs:1:148703)
    at jitiRequire (/usr/local/lib/node_modules/@hey-api/openapi-ts/node_modules/jiti/dist/jiti.cjs:1:150290)
    at import (/usr/local/lib/node_modules/@hey-api/openapi-ts/node_modules/jiti/dist/jiti.cjs:1:158307)
    at /workspace/openapi-generator/openapi-ts.config.ts:1:220
    at eval_evalModule (/usr/local/lib/node_modules/@hey-api/openapi-ts/node_modules/jiti/dist/jiti.cjs:1:155533)
    at jitiRequire (/usr/local/lib/node_modules/@hey-api/openapi-ts/node_modules/jiti/dist/jiti.cjs:1:150967)
    at Function.import (/usr/local/lib/node_modules/@hey-api/openapi-ts/node_modules/jiti/dist/jiti.cjs:1:158307)
    at resolveConfig (file:///usr/local/lib/node_modules/@hey-api/openapi-ts/node_modules/c12/dist/index.mjs:320:45)
    at loadConfig (file:///usr/local/lib/node_modules/@hey-api/openapi-ts/node_modules/c12/dist/index.mjs:149:28)
    at loadConfigFile (file:///usr/local/lib/node_modules/@hey-api/openapi-ts/node_modules/@hey-api/codegen-core/dist/index.mjs:44:69)
    at resolveJobs (file:///usr/local/lib/node_modules/@hey-api/openapi-ts/dist/init-W7OZahc5.mjs:13811:24)
    at createClient (file:///usr/local/lib/node_modules/@hey-api/openapi-ts/dist/src-BbXkGzWZ.mjs:167:26)
    at Command.<anonymous> (file:///usr/local/lib/node_modules/@hey-api/openapi-ts/dist/run.mjs:38:14)
    at Command.listener [as _actionHandler] (/usr/local/lib/node_modules/@hey-api/openapi-ts/node_modules/commander/lib/command.js:568:17)
    at /usr/local/lib/node_modules/@hey-api/openapi-ts/node_modules/commander/lib/command.js:1604:14
    at Command._chainOrCall (/usr/local/lib/node_modules/@hey-api/openapi-ts/node_modules/commander/lib/command.js:1488:12)
    at Command._parseCommand (/usr/local/lib/node_modules/@hey-api/openapi-ts/node_modules/commander/lib/command.js:1603:27)
    at Command.parseAsync (/usr/local/lib/node_modules/@hey-api/openapi-ts/node_modules/commander/lib/command.js:1122:16)
    at runCli (file:///usr/local/lib/node_modules/@hey-api/openapi-ts/dist/run.mjs:42:17)
    at file:///usr/local/lib/node_modules/@hey-api/openapi-ts/dist/run.mjs:56:1
    at ModuleJob.run (node:internal/modules/esm/module_job:325:25)
    at async ModuleLoader.import (node:internal/modules/esm/loader:606:24)
    at async asyncRunEntryPointWithESMLoader (node:internal/modules/run_main:117:5)
